{"level":"\u001b[32minfo\u001b[39m","message":"\u001b[32m🚀 ESP32 IVR Backend running on http://localhost:3000\u001b[39m","timestamp":"01:10:07"}
{"level":"\u001b[32minfo\u001b[39m","message":"\u001b[32m📡 Socket.IO ready  (CORS: http://localhost:3000,http://localhost:8000)\u001b[39m","timestamp":"01:10:07"}
{"level":"\u001b[32minfo\u001b[39m","message":"\u001b[32m🌐 Frontend CORS allowed for: http://localhost:3000,http://localhost:8000\u001b[39m","timestamp":"01:10:07"}
{"level":"\u001b[32minfo\u001b[39m","message":"\u001b[32m🔑 API Key auth: ENABLED (dev key)\u001b[39m","timestamp":"01:10:07"}
{"level":"\u001b[32minfo\u001b[39m","message":"\u001b[32m🔌 Socket connected: kIW2AX6D9UmRMcUMAAAB\u001b[39m","timestamp":"01:10:08"}
{"level":"\u001b[32minfo\u001b[39m","message":"\u001b[32m[AppsScript] GET getDashboard → https://script.google.com/macros/s/1JY8HDpGbMYZ0Dw5lWRpXgKj4aeZBZeH7HSRyADqwr6uAc9lyT3hXFBwr/exec?ac...\u001b[39m","timestamp":"01:10:08"}
{"level":"\u001b[32minfo\u001b[39m","message":"\u001b[32m[AppsScript] GET getDashboard → https://script.google.com/macros/s/1JY8HDpGbMYZ0Dw5lWRpXgKj4aeZBZeH7HSRyADqwr6uAc9lyT3hXFBwr/exec?ac...\u001b[39m","timestamp":"01:10:08"}
{"level":"\u001b[33mwarn\u001b[39m","message":"\u001b[33m⚠️  Google service account key not found — running in MOCK mode\u001b[39m","timestamp":"01:10:08"}
{"level":"\u001b[33mwarn\u001b[39m","message":"\u001b[33m⚠️  Google service account key not found — running in MOCK mode\u001b[39m","timestamp":"01:10:08"}
{"level":"\u001b[33mwarn\u001b[39m","message":"\u001b[33m⚠️  Google service account key not found — running in MOCK mode\u001b[39m","timestamp":"01:10:08"}
{"level":"\u001b[33mwarn\u001b[39m","message":"\u001b[33m⚠️  Google service account key not found — running in MOCK mode\u001b[39m","timestamp":"01:10:08"}
{"level":"\u001b[32minfo\u001b[39m","message":"\u001b[32m[AppsScript] GET getCalls → https://script.google.com/macros/s/1JY8HDpGbMYZ0Dw5lWRpXgKj4aeZBZeH7HSRyADqwr6uAc9lyT3hXFBwr/exec?ac...\u001b[39m","timestamp":"01:10:08"}
{"level":"\u001b[33mwarn\u001b[39m","message":"\u001b[33m[AppsScript] getDashboard FAILED: HTTP 404: <!DOCTYPE html><html lang=\"en\"><head><meta name=\"description\" content=\"Web word processing, spreadsheets and presentations\"><meta name=\"viewport\" content=\"width=device-width, initial-scale=1.0, maximu\u001b[39m","timestamp":"01:10:08"}
{"level":"\u001b[33mwarn\u001b[39m","message":"\u001b[33m⚠️  Google service account key not found — running in MOCK mode\u001b[39m","timestamp":"01:10:08"}
{"level":"\u001b[33mwarn\u001b[39m","message":"\u001b[33m[getDashboard] Falling back to MOCK data\u001b[39m","timestamp":"01:10:08"}
{"level":"\u001b[33mwarn\u001b[39m","message":"\u001b[33m[AppsScript] getDashboard FAILED: HTTP 404: <!DOCTYPE html><html lang=\"en\"><head><meta name=\"description\" content=\"Web word processing, spreadsheets and presentations\"><meta name=\"viewport\" content=\"width=device-width, initial-scale=1.0, maximu\u001b[39m","timestamp":"01:10:08"}
{"level":"\u001b[33mwarn\u001b[39m","message":"\u001b[33m⚠️  Google service account key not found — running in MOCK mode\u001b[39m","timestamp":"01:10:08"}
{"level":"\u001b[33mwarn\u001b[39m","message":"\u001b[33m[getDashboard] Falling back to MOCK data\u001b[39m","timestamp":"01:10:08"}
{"level":"\u001b[33mwarn\u001b[39m","message":"\u001b[33m[AppsScript] getCalls FAILED: HTTP 404: <!DOCTYPE html><html lang=\"en\"><head><meta name=\"description\" content=\"Web word processing, spreadsheets and presentations\"><meta name=\"viewport\" content=\"width=device-width, initial-scale=1.0, maximu\u001b[39m","timestamp":"01:10:08"}
{"level":"\u001b[33mwarn\u001b[39m","message":"\u001b[33m⚠️  Google service account key not found — running in MOCK mode\u001b[39m","timestamp":"01:10:08"}
{"level":"\u001b[33mwarn\u001b[39m","message":"\u001b[33m[getCalls] Falling back to MOCK data\u001b[39m","timestamp":"01:10:08"}
{"level":"\u001b[32minfo\u001b[39m","message":"\u001b[32m[AppsScript] GET getDashboard → https://script.google.com/macros/s/1JY8HDpGbMYZ0Dw5lWRpXgKj4aeZBZeH7HSRyADqwr6uAc9lyT3hXFBwr/exec?ac...\u001b[39m","timestamp":"01:10:08"}
{"level":"\u001b[33mwarn\u001b[39m","message":"\u001b[33m[AppsScript] getDashboard FAILED: HTTP 404: <!DOCTYPE html><html lang=\"en\"><head><meta name=\"description\" content=\"Web word processing, spreadsheets and presentations\"><meta name=\"viewport\" content=\"width=device-width, initial-scale=1.0, maximu\u001b[39m","timestamp":"01:10:08"}
{"level":"\u001b[33mwarn\u001b[39m","message":"\u001b[33m⚠️  Google service account key not found — running in MOCK mode\u001b[39m","timestamp":"01:10:08"}
{"level":"\u001b[33mwarn\u001b[39m","message":"\u001b[33m[getDashboard] Falling back to MOCK data\u001b[39m","timestamp":"01:10:08"}
{"level":"\u001b[32minfo\u001b[39m","message":"\u001b[32m🚀 ESP32 IVR Backend running on http://localhost:3000\u001b[39m","timestamp":"01:11:18"}
{"level":"\u001b[32minfo\u001b[39m","message":"\u001b[32m📡 Socket.IO ready  (CORS: http://localhost:3000,http://localhost:8000)\u001b[39m","timestamp":"01:11:18"}
{"level":"\u001b[32minfo\u001b[39m","message":"\u001b[32m🌐 Frontend CORS allowed for: http://localhost:3000,http://localhost:8000\u001b[39m","timestamp":"01:11:18"}
{"level":"\u001b[32minfo\u001b[39m","message":"\u001b[32m🔑 API Key auth: ENABLED (dev key)\u001b[39m","timestamp":"01:11:18"}
{"level":"\u001b[32minfo\u001b[39m","message":"\u001b[32m🔌 Socket connected: GuFn2gHT0mrMMKM5AAAB\u001b[39m","timestamp":"01:12:08"}
{"level":"\u001b[32minfo\u001b[39m","message":"\u001b[32m[AppsScript] GET dashboard\u001b[39m","timestamp":"01:12:08"}
{"level":"\u001b[32minfo\u001b[39m","message":"\u001b[32m[AppsScript] GET dashboard\u001b[39m","timestamp":"01:12:08"}
{"level":"\u001b[33mwarn\u001b[39m","message":"\u001b[33m⚠️  Google service account key not found — running in MOCK mode\u001b[39m","timestamp":"01:12:08"}
{"level":"\u001b[33mwarn\u001b[39m","message":"\u001b[33m⚠️  Google service account key not found — running in MOCK mode\u001b[39m","timestamp":"01:12:08"}
{"level":"\u001b[33mwarn\u001b[39m","message":"\u001b[33m⚠️  Google service account key not found — running in MOCK mode\u001b[39m","timestamp":"01:12:08"}
{"level":"\u001b[33mwarn\u001b[39m","message":"\u001b[33m⚠️  Google service account key not found — running in MOCK mode\u001b[39m","timestamp":"01:12:08"}
{"level":"\u001b[32minfo\u001b[39m","message":"\u001b[32m[AppsScript] GET calls\u001b[39m","timestamp":"01:12:08"}
{"level":"\u001b[33mwarn\u001b[39m","message":"\u001b[33m[AppsScript] dashboard FAILED: HTTP 404: <!DOCTYPE html><html lang=\"en\"><head><meta name=\"description\" content=\"Web word processing, spreadsheets and presentatio\u001b[39m","timestamp":"01:12:09"}
{"level":"\u001b[33mwarn\u001b[39m","message":"\u001b[33m⚠️  Google service account key not found — running in MOCK mode\u001b[39m","timestamp":"01:12:09"}
{"level":"\u001b[33mwarn\u001b[39m","message":"\u001b[33m[getDashboard] Falling back to MOCK data\u001b[39m","timestamp":"01:12:09"}
{"level":"\u001b[33mwarn\u001b[39m","message":"\u001b[33m[AppsScript] dashboard FAILED: HTTP 404: <!DOCTYPE html><html lang=\"en\"><head><meta name=\"description\" content=\"Web word processing, spreadsheets and presentatio\u001b[39m","timestamp":"01:12:09"}
{"level":"\u001b[33mwarn\u001b[39m","message":"\u001b[33m⚠️  Google service account key not found — running in MOCK mode\u001b[39m","timestamp":"01:12:09"}
{"level":"\u001b[33mwarn\u001b[39m","message":"\u001b[33m[getDashboard] Falling back to MOCK data\u001b[39m","timestamp":"01:12:09"}
{"level":"\u001b[33mwarn\u001b[39m","message":"\u001b[33m[AppsScript] calls FAILED: HTTP 404: <!DOCTYPE html><html lang=\"en\"><head><meta name=\"description\" content=\"Web word processing, spreadsheets and presentatio\u001b[39m","timestamp":"01:12:09"}
{"level":"\u001b[33mwarn\u001b[39m","message":"\u001b[33m⚠️  Google service account key not found — running in MOCK mode\u001b[39m","timestamp":"01:12:09"}
{"level":"\u001b[33mwarn\u001b[39m","message":"\u001b[33m[getCalls] Falling back to MOCK data\u001b[39m","timestamp":"01:12:09"}
{"level":"\u001b[32minfo\u001b[39m","message":"\u001b[32m🔌 Socket connected: 95INYmPeSZml7QSxAAAD\u001b[39m","timestamp":"01:15:13"}
{"level":"\u001b[32minfo\u001b[39m","message":"\u001b[32m[AppsScript] GET dashboard\u001b[39m","timestamp":"01:15:13"}
{"level":"\u001b[32minfo\u001b[39m","message":"\u001b[32m[AppsScript] GET dashboard\u001b[39m","timestamp":"01:15:13"}
{"level":"\u001b[33mwarn\u001b[39m","message":"\u001b[33m⚠️  Google service account key not found — running in MOCK mode\u001b[39m","timestamp":"01:15:13"}
{"level":"\u001b[33mwarn\u001b[39m","message":"\u001b[33m⚠️  Google service account key not found — running in MOCK mode\u001b[39m","timestamp":"01:15:13"}
{"level":"\u001b[33mwarn\u001b[39m","message":"\u001b[33m⚠️  Google service account key not found — running in MOCK mode\u001b[39m","timestamp":"01:15:13"}
{"level":"\u001b[33mwarn\u001b[39m","message":"\u001b[33m⚠️  Google service account key not found — running in MOCK mode\u001b[39m","timestamp":"01:15:13"}
{"level":"\u001b[32minfo\u001b[39m","message":"\u001b[32m[AppsScript] GET calls\u001b[39m","timestamp":"01:15:13"}
{"level":"\u001b[33mwarn\u001b[39m","message":"\u001b[33m[AppsScript] dashboard FAILED: HTTP 404: <!DOCTYPE html><html lang=\"en\"><head><meta name=\"description\" content=\"Web word processing, spreadsheets and presentatio\u001b[39m","timestamp":"01:15:13"}
{"level":"\u001b[33mwarn\u001b[39m","message":"\u001b[33m⚠️  Google service account key not found — running in MOCK mode\u001b[39m","timestamp":"01:15:13"}
{"level":"\u001b[33mwarn\u001b[39m","message":"\u001b[33m[getDashboard] Falling back to MOCK data\u001b[39m","timestamp":"01:15:13"}
{"level":"\u001b[33mwarn\u001b[39m","message":"\u001b[33m[AppsScript] calls FAILED: HTTP 404: <!DOCTYPE html><html lang=\"en\"><head><meta name=\"description\" content=\"Web word processing, spreadsheets and presentatio\u001b[39m","timestamp":"01:15:13"}
{"level":"\u001b[33mwarn\u001b[39m","message":"\u001b[33m⚠️  Google service account key not found — running in MOCK mode\u001b[39m","timestamp":"01:15:13"}
{"level":"\u001b[33mwarn\u001b[39m","message":"\u001b[33m[getCalls] Falling back to MOCK data\u001b[39m","timestamp":"01:15:13"}
{"level":"\u001b[33mwarn\u001b[39m","message":"\u001b[33m[AppsScript] dashboard FAILED: HTTP 404: <!DOCTYPE html><html lang=\"en\"><head><meta name=\"description\" content=\"Web word processing, spreadsheets and presentatio\u001b[39m","timestamp":"01:15:13"}
{"level":"\u001b[33mwarn\u001b[39m","message":"\u001b[33m⚠️  Google service account key not found — running in MOCK mode\u001b[39m","timestamp":"01:15:13"}
{"level":"\u001b[33mwarn\u001b[39m","message":"\u001b[33m[getDashboard] Falling back to MOCK data\u001b[39m","timestamp":"01:15:13"}
{"level":"\u001b[32minfo\u001b[39m","message":"\u001b[32m🔌 Socket disconnected: 95INYmPeSZml7QSxAAAD\u001b[39m","timestamp":"01:17:13"}
{"level":"\u001b[32minfo\u001b[39m","message":"\u001b[32m🔌 Socket connected: Mhsk_A7bnUnF7IUhAAAF\u001b[39m","timestamp":"01:17:13"}
{"level":"\u001b[32minfo\u001b[39m","message":"\u001b[32m[AppsScript] GET dashboard\u001b[39m","timestamp":"01:17:13"}
{"level":"\u001b[32minfo\u001b[39m","message":"\u001b[32m[AppsScript] GET dashboard\u001b[39m","timestamp":"01:17:13"}
{"level":"\u001b[33mwarn\u001b[39m","message":"\u001b[33m⚠️  Google service account key not found — running in MOCK mode\u001b[39m","timestamp":"01:17:13"}
{"level":"\u001b[33mwarn\u001b[39m","message":"\u001b[33m⚠️  Google service account key not found — running in MOCK mode\u001b[39m","timestamp":"01:17:13"}
{"level":"\u001b[33mwarn\u001b[39m","message":"\u001b[33m⚠️  Google service account key not found — running in MOCK mode\u001b[39m","timestamp":"01:17:13"}
{"level":"\u001b[32minfo\u001b[39m","message":"\u001b[32m[AppsScript] GET calls\u001b[39m","timestamp":"01:17:13"}
{"level":"\u001b[33mwarn\u001b[39m","message":"\u001b[33m⚠️  Google service account key not found — running in MOCK mode\u001b[39m","timestamp":"01:17:13"}
{"level":"\u001b[33mwarn\u001b[39m","message":"\u001b[33m[AppsScript] calls FAILED: HTTP 404: <!DOCTYPE html><html lang=\"en\"><head><meta name=\"description\" content=\"Web word processing, spreadsheets and presentatio\u001b[39m","timestamp":"01:17:13"}
{"level":"\u001b[33mwarn\u001b[39m","message":"\u001b[33m⚠️  Google service account key not found — running in MOCK mode\u001b[39m","timestamp":"01:17:13"}
{"level":"\u001b[33mwarn\u001b[39m","message":"\u001b[33m[getCalls] Falling back to MOCK data\u001b[39m","timestamp":"01:17:13"}
{"level":"\u001b[33mwarn\u001b[39m","message":"\u001b[33m[AppsScript] dashboard FAILED: HTTP 404: <!DOCTYPE html><html lang=\"en\"><head><meta name=\"description\" content=\"Web word processing, spreadsheets and presentatio\u001b[39m","timestamp":"01:17:13"}
{"level":"\u001b[33mwarn\u001b[39m","message":"\u001b[33m⚠️  Google service account key not found — running in MOCK mode\u001b[39m","timestamp":"01:17:13"}
{"level":"\u001b[33mwarn\u001b[39m","message":"\u001b[33m[getDashboard] Falling back to MOCK data\u001b[39m","timestamp":"01:17:13"}
{"level":"\u001b[33mwarn\u001b[39m","message":"\u001b[33m[AppsScript] dashboard FAILED: HTTP 404: <!DOCTYPE html><html lang=\"en\"><head><meta name=\"description\" content=\"Web word processing, spreadsheets and presentatio\u001b[39m","timestamp":"01:17:13"}
{"level":"\u001b[33mwarn\u001b[39m","message":"\u001b[33m⚠️  Google service account key not found — running in MOCK mode\u001b[39m","timestamp":"01:17:13"}
{"level":"\u001b[33mwarn\u001b[39m","message":"\u001b[33m[getDashboard] Falling back to MOCK data\u001b[39m","timestamp":"01:17:13"}
{"level":"\u001b[32minfo\u001b[39m","message":"\u001b[32m🔌 Socket disconnected: GuFn2gHT0mrMMKM5AAAB\u001b[39m","timestamp":"01:19:32"}
{"level":"\u001b[32minfo\u001b[39m","message":"\u001b[32m[AppsScript] GET dashboard\u001b[39m","timestamp":"01:21:42"}
{"level":"\u001b[33mwarn\u001b[39m","message":"\u001b[33m⚠️  Google service account key not found — running in MOCK mode\u001b[39m","timestamp":"01:21:42"}
{"level":"\u001b[33mwarn\u001b[39m","message":"\u001b[33m⚠️  Google service account key not found — running in MOCK mode\u001b[39m","timestamp":"01:21:42"}
{"level":"\u001b[33mwarn\u001b[39m","message":"\u001b[33m⚠️  Google service account key not found — running in MOCK mode\u001b[39m","timestamp":"01:21:42"}
{"level":"\u001b[33mwarn\u001b[39m","message":"\u001b[33m⚠️  Google service account key not found — running in MOCK mode\u001b[39m","timestamp":"01:21:42"}
{"level":"\u001b[33mwarn\u001b[39m","message":"\u001b[33m[AppsScript] dashboard FAILED: HTTP 404: <!DOCTYPE html><html lang=\"en\"><head><meta name=\"description\" content=\"Web word processing, spreadsheets and presentatio\u001b[39m","timestamp":"01:21:42"}
{"level":"\u001b[33mwarn\u001b[39m","message":"\u001b[33m⚠️  Google service account key not found — running in MOCK mode\u001b[39m","timestamp":"01:21:42"}
{"level":"\u001b[33mwarn\u001b[39m","message":"\u001b[33m[getDashboard] Falling back to MOCK data\u001b[39m","timestamp":"01:21:42"}
{"level":"\u001b[32minfo\u001b[39m","message":"\u001b[32m🔌 Socket disconnected: Mhsk_A7bnUnF7IUhAAAF\u001b[39m","timestamp":"01:30:11"}
{"level":"\u001b[32minfo\u001b[39m","message":"\u001b[32m🔌 Socket connected: cwBVq-AmxmvBAa7qAAAH\u001b[39m","timestamp":"01:30:11"}
{"level":"\u001b[32minfo\u001b[39m","message":"\u001b[32m[AppsScript] GET dashboard\u001b[39m","timestamp":"01:30:11"}
{"level":"\u001b[33mwarn\u001b[39m","message":"\u001b[33m⚠️  Google service account key not found — running in MOCK mode\u001b[39m","timestamp":"01:30:11"}
{"level":"\u001b[32minfo\u001b[39m","message":"\u001b[32m[AppsScript] GET dashboard\u001b[39m","timestamp":"01:30:11"}
{"level":"\u001b[33mwarn\u001b[39m","message":"\u001b[33m⚠️  Google service account key not found — running in MOCK mode\u001b[39m","timestamp":"01:30:11"}
{"level":"\u001b[33mwarn\u001b[39m","message":"\u001b[33m⚠️  Google service account key not found — running in MOCK mode\u001b[39m","timestamp":"01:30:11"}
{"level":"\u001b[32minfo\u001b[39m","message":"\u001b[32m[AppsScript] GET calls\u001b[39m","timestamp":"01:30:11"}
{"level":"\u001b[33mwarn\u001b[39m","message":"\u001b[33m⚠️  Google service account key not found — running in MOCK mode\u001b[39m","timestamp":"01:30:11"}
{"level":"\u001b[33mwarn\u001b[39m","message":"\u001b[33m[AppsScript] dashboard FAILED: HTTP 404: <!DOCTYPE html><html lang=\"en\"><head><meta name=\"description\" content=\"Web word processing, spreadsheets and presentatio\u001b[39m","timestamp":"01:30:11"}
{"level":"\u001b[33mwarn\u001b[39m","message":"\u001b[33m⚠️  Google service account key not found — running in MOCK mode\u001b[39m","timestamp":"01:30:11"}
{"level":"\u001b[33mwarn\u001b[39m","message":"\u001b[33m[getDashboard] Falling back to MOCK data\u001b[39m","timestamp":"01:30:11"}
{"level":"\u001b[33mwarn\u001b[39m","message":"\u001b[33m[AppsScript] calls FAILED: HTTP 404: <!DOCTYPE html><html lang=\"en\"><head><meta name=\"description\" content=\"Web word processing, spreadsheets and presentatio\u001b[39m","timestamp":"01:30:11"}
{"level":"\u001b[33mwarn\u001b[39m","message":"\u001b[33m⚠️  Google service account key not found — running in MOCK mode\u001b[39m","timestamp":"01:30:11"}
{"level":"\u001b[33mwarn\u001b[39m","message":"\u001b[33m[getCalls] Falling back to MOCK data\u001b[39m","timestamp":"01:30:11"}
{"level":"\u001b[33mwarn\u001b[39m","message":"\u001b[33m[AppsScript] dashboard FAILED: HTTP 404: <!DOCTYPE html><html lang=\"en\"><head><meta name=\"description\" content=\"Web word processing, spreadsheets and presentatio\u001b[39m","timestamp":"01:30:11"}
{"level":"\u001b[33mwarn\u001b[39m","message":"\u001b[33m⚠️  Google service account key not found — running in MOCK mode\u001b[39m","timestamp":"01:30:11"}
{"level":"\u001b[33mwarn\u001b[39m","message":"\u001b[33m[getDashboard] Falling back to MOCK data\u001b[39m","timestamp":"01:30:11"}
{"level":"\u001b[32minfo\u001b[39m","message":"\u001b[32m🔌 Socket disconnected: cwBVq-AmxmvBAa7qAAAH\u001b[39m","timestamp":"01:30:56"}
{"level":"\u001b[32minfo\u001b[39m","message":"\u001b[32m🔌 Socket connected: y5f0HmoOpm-xChZAAAAJ\u001b[39m","timestamp":"01:30:56"}
{"level":"\u001b[32minfo\u001b[39m","message":"\u001b[32m[AppsScript] GET dashboard\u001b[39m","timestamp":"01:30:56"}
{"level":"\u001b[32minfo\u001b[39m","message":"\u001b[32m[AppsScript] GET dashboard\u001b[39m","timestamp":"01:30:56"}
{"level":"\u001b[33mwarn\u001b[39m","message":"\u001b[33m⚠️  Google service account key not found — running in MOCK mode\u001b[39m","timestamp":"01:30:56"}
{"level":"\u001b[33mwarn\u001b[39m","message":"\u001b[33m⚠️  Google service account key not found — running in MOCK mode\u001b[39m","timestamp":"01:30:56"}
{"level":"\u001b[33mwarn\u001b[39m","message":"\u001b[33m⚠️  Google service account key not found — running in MOCK mode\u001b[39m","timestamp":"01:30:56"}
{"level":"\u001b[33mwarn\u001b[39m","message":"\u001b[33m⚠️  Google service account key not found — running in MOCK mode\u001b[39m","timestamp":"01:30:56"}
{"level":"\u001b[32minfo\u001b[39m","message":"\u001b[32m[AppsScript] GET calls\u001b[39m","timestamp":"01:30:56"}
{"level":"\u001b[33mwarn\u001b[39m","message":"\u001b[33m[AppsScript] dashboard FAILED: HTTP 404: <!DOCTYPE html><html lang=\"en\"><head><meta name=\"description\" content=\"Web word processing, spreadsheets and presentatio\u001b[39m","timestamp":"01:30:56"}
{"level":"\u001b[33mwarn\u001b[39m","message":"\u001b[33m⚠️  Google service account key not found — running in MOCK mode\u001b[39m","timestamp":"01:30:56"}
{"level":"\u001b[33mwarn\u001b[39m","message":"\u001b[33m[getDashboard] Falling back to MOCK data\u001b[39m","timestamp":"01:30:56"}
{"level":"\u001b[33mwarn\u001b[39m","message":"\u001b[33m[AppsScript] dashboard FAILED: HTTP 404: <!DOCTYPE html><html lang=\"en\"><head><meta name=\"description\" content=\"Web word processing, spreadsheets and presentatio\u001b[39m","timestamp":"01:30:56"}
{"level":"\u001b[33mwarn\u001b[39m","message":"\u001b[33m⚠️  Google service account key not found — running in MOCK mode\u001b[39m","timestamp":"01:30:56"}
{"level":"\u001b[33mwarn\u001b[39m","message":"\u001b[33m[getDashboard] Falling back to MOCK data\u001b[39m","timestamp":"01:30:56"}
{"level":"\u001b[33mwarn\u001b[39m","message":"\u001b[33m[AppsScript] calls FAILED: HTTP 404: <!DOCTYPE html><html lang=\"en\"><head><meta name=\"description\" content=\"Web word processing, spreadsheets and presentatio\u001b[39m","timestamp":"01:30:57"}
{"level":"\u001b[33mwarn\u001b[39m","message":"\u001b[33m⚠️  Google service account key not found — running in MOCK mode\u001b[39m","timestamp":"01:30:57"}
{"level":"\u001b[33mwarn\u001b[39m","message":"\u001b[33m[getCalls] Falling back to MOCK data\u001b[39m","timestamp":"01:30:57"}
{"level":"\u001b[32minfo\u001b[39m","message":"\u001b[32m🔌 Socket disconnected: y5f0HmoOpm-xChZAAAAJ\u001b[39m","timestamp":"01:33:18"}
{"level":"\u001b[32minfo\u001b[39m","message":"\u001b[32m🔌 Socket connected: anFZCq2YLPiOTkBgAAAL\u001b[39m","timestamp":"01:33:19"}
{"level":"\u001b[32minfo\u001b[39m","message":"\u001b[32m[AppsScript] GET dashboard\u001b[39m","timestamp":"01:33:19"}
{"level":"\u001b[32minfo\u001b[39m","message":"\u001b[32m[AppsScript] GET dashboard\u001b[39m","timestamp":"01:33:19"}
{"level":"\u001b[33mwarn\u001b[39m","message":"\u001b[33m⚠️  Google service account key not found — running in MOCK mode\u001b[39m","timestamp":"01:33:19"}
{"level":"\u001b[33mwarn\u001b[39m","message":"\u001b[33m⚠️  Google service account key not found — running in MOCK mode\u001b[39m","timestamp":"01:33:19"}
{"level":"\u001b[33mwarn\u001b[39m","message":"\u001b[33m⚠️  Google service account key not found — running in MOCK mode\u001b[39m","timestamp":"01:33:19"}
{"level":"\u001b[33mwarn\u001b[39m","message":"\u001b[33m⚠️  Google service account key not found — running in MOCK mode\u001b[39m","timestamp":"01:33:19"}
{"level":"\u001b[32minfo\u001b[39m","message":"\u001b[32m[AppsScript] GET calls\u001b[39m","timestamp":"01:33:19"}
{"level":"\u001b[33mwarn\u001b[39m","message":"\u001b[33m[AppsScript] dashboard FAILED: HTTP 404: <!DOCTYPE html><html lang=\"en\"><head><meta name=\"description\" content=\"Web word processing, spreadsheets and presentatio\u001b[39m","timestamp":"01:33:19"}
{"level":"\u001b[33mwarn\u001b[39m","message":"\u001b[33m⚠️  Google service account key not found — running in MOCK mode\u001b[39m","timestamp":"01:33:19"}
{"level":"\u001b[33mwarn\u001b[39m","message":"\u001b[33m[getDashboard] Falling back to MOCK data\u001b[39m","timestamp":"01:33:19"}
{"level":"\u001b[33mwarn\u001b[39m","message":"\u001b[33m[AppsScript] calls FAILED: HTTP 404: <!DOCTYPE html><html lang=\"en\"><head><meta name=\"description\" content=\"Web word processing, spreadsheets and presentatio\u001b[39m","timestamp":"01:33:19"}
{"level":"\u001b[33mwarn\u001b[39m","message":"\u001b[33m⚠️  Google service account key not found — running in MOCK mode\u001b[39m","timestamp":"01:33:19"}
{"level":"\u001b[33mwarn\u001b[39m","message":"\u001b[33m[getCalls] Falling back to MOCK data\u001b[39m","timestamp":"01:33:19"}
{"level":"\u001b[33mwarn\u001b[39m","message":"\u001b[33m[AppsScript] dashboard FAILED: HTTP 404: <!DOCTYPE html><html lang=\"en\"><head><meta name=\"description\" content=\"Web word processing, spreadsheets and presentatio\u001b[39m","timestamp":"01:33:19"}
{"level":"\u001b[33mwarn\u001b[39m","message":"\u001b[33m⚠️  Google service account key not found — running in MOCK mode\u001b[39m","timestamp":"01:33:19"}
{"level":"\u001b[33mwarn\u001b[39m","message":"\u001b[33m[getDashboard] Falling back to MOCK data\u001b[39m","timestamp":"01:33:19"}
{"level":"\u001b[32minfo\u001b[39m","message":"\u001b[32m🔌 Socket disconnected: anFZCq2YLPiOTkBgAAAL\u001b[39m","timestamp":"02:19:12"}
{"level":"\u001b[32minfo\u001b[39m","message":"\u001b[32m🔌 Socket connected: RLR2r8bH8BVCXQt7AAAN\u001b[39m","timestamp":"02:19:13"}
{"level":"\u001b[32minfo\u001b[39m","message":"\u001b[32m[AppsScript] GET dashboard\u001b[39m","timestamp":"02:19:13"}
{"level":"\u001b[32minfo\u001b[39m","message":"\u001b[32m[AppsScript] GET dashboard\u001b[39m","timestamp":"02:19:13"}
{"level":"\u001b[33mwarn\u001b[39m","message":"\u001b[33m⚠️  Google service account key not found — running in MOCK mode\u001b[39m","timestamp":"02:19:13"}
{"level":"\u001b[33mwarn\u001b[39m","message":"\u001b[33m⚠️  Google service account key not found — running in MOCK mode\u001b[39m","timestamp":"02:19:13"}
{"level":"\u001b[33mwarn\u001b[39m","message":"\u001b[33m⚠️  Google service account key not found — running in MOCK mode\u001b[39m","timestamp":"02:19:13"}
{"level":"\u001b[33mwarn\u001b[39m","message":"\u001b[33m⚠️  Google service account key not found — running in MOCK mode\u001b[39m","timestamp":"02:19:13"}
{"level":"\u001b[32minfo\u001b[39m","message":"\u001b[32m[AppsScript] GET calls\u001b[39m","timestamp":"02:19:13"}
{"level":"\u001b[33mwarn\u001b[39m","message":"\u001b[33m[AppsScript] calls FAILED: HTTP 404: <!DOCTYPE html><html lang=\"en\"><head><meta name=\"description\" content=\"Web word processing, spreadsheets and presentatio\u001b[39m","timestamp":"02:19:13"}
{"level":"\u001b[33mwarn\u001b[39m","message":"\u001b[33m⚠️  Google service account key not found — running in MOCK mode\u001b[39m","timestamp":"02:19:13"}
{"level":"\u001b[33mwarn\u001b[39m","message":"\u001b[33m[getCalls] Falling back to MOCK data\u001b[39m","timestamp":"02:19:13"}
{"level":"\u001b[33mwarn\u001b[39m","message":"\u001b[33m[AppsScript] dashboard FAILED: HTTP 404: <!DOCTYPE html><html lang=\"en\"><head><meta name=\"description\" content=\"Web word processing, spreadsheets and presentatio\u001b[39m","timestamp":"02:19:13"}
{"level":"\u001b[33mwarn\u001b[39m","message":"\u001b[33m⚠️  Google service account key not found — running in MOCK mode\u001b[39m","timestamp":"02:19:13"}
{"level":"\u001b[33mwarn\u001b[39m","message":"\u001b[33m[getDashboard] Falling back to MOCK data\u001b[39m","timestamp":"02:19:13"}
{"level":"\u001b[33mwarn\u001b[39m","message":"\u001b[33m[AppsScript] dashboard FAILED: HTTP 404: <!DOCTYPE html><html lang=\"en\"><head><meta name=\"description\" content=\"Web word processing, spreadsheets and presentatio\u001b[39m","timestamp":"02:19:13"}
{"level":"\u001b[33mwarn\u001b[39m","message":"\u001b[33m⚠️  Google service account key not found — running in MOCK mode\u001b[39m","timestamp":"02:19:13"}
{"level":"\u001b[33mwarn\u001b[39m","message":"\u001b[33m[getDashboard] Falling back to MOCK data\u001b[39m","timestamp":"02:19:13"}
{"level":"\u001b[32minfo\u001b[39m","message":"\u001b[32m🔌 Socket disconnected: RLR2r8bH8BVCXQt7AAAN\u001b[39m","timestamp":"02:19:17"}
{"level":"\u001b[32minfo\u001b[39m","message":"\u001b[32m🚀 ESP32 IVR Backend running on http://localhost:3000\u001b[39m","timestamp":"06:21:16"}
{"level":"\u001b[32minfo\u001b[39m","message":"\u001b[32m📡 Socket.IO ready  (CORS: http://localhost:3000,http://localhost:8000)\u001b[39m","timestamp":"06:21:16"}
{"level":"\u001b[32minfo\u001b[39m","message":"\u001b[32m🌐 Frontend CORS allowed for: http://localhost:3000,http://localhost:8000\u001b[39m","timestamp":"06:21:16"}
{"level":"\u001b[32minfo\u001b[39m","message":"\u001b[32m🔑 API Key auth: ENABLED (dev key)\u001b[39m","timestamp":"06:21:16"}
{"level":"\u001b[32minfo\u001b[39m","message":"\u001b[32m🚀 ESP32 IVR Backend running on http://localhost:3000\u001b[39m","timestamp":"01:37:12"}
{"level":"\u001b[32minfo\u001b[39m","message":"\u001b[32m📡 Socket.IO ready  (CORS: http://localhost:3000,http://localhost:8000)\u001b[39m","timestamp":"01:37:12"}
{"level":"\u001b[32minfo\u001b[39m","message":"\u001b[32m🌐 Frontend CORS allowed for: http://localhost:3000,http://localhost:8000\u001b[39m","timestamp":"01:37:12"}
{"level":"\u001b[32minfo\u001b[39m","message":"\u001b[32m🔑 API Key auth: ENABLED (dev key)\u001b[39m","timestamp":"01:37:12"}
{"level":"\u001b[32minfo\u001b[39m","message":"\u001b[32m🚀 ESP32 IVR Backend running on http://localhost:3000\u001b[39m","timestamp":"05:12:44"}
{"level":"\u001b[32minfo\u001b[39m","message":"\u001b[32m📡 Socket.IO ready  (CORS: http://localhost:3000,http://localhost:8000)\u001b[39m","timestamp":"05:12:44"}
{"level":"\u001b[32minfo\u001b[39m","message":"\u001b[32m🌐 Frontend CORS allowed for: http://localhost:3000,http://localhost:8000\u001b[39m","timestamp":"05:12:44"}
{"level":"\u001b[32minfo\u001b[39m","message":"\u001b[32m🔑 API Key auth: ENABLED (dev key)\u001b[39m","timestamp":"05:12:44"}
